{"/Users/ysangy/TempTest/EnzymeTest/App.js": {"path":"/Users/ysangy/TempTest/EnzymeTest/App.js","statementMap":{"0":{"start":{"line":12,"column":21},"end":{"line":17,"column":2}},"1":{"start":{"line":22,"column":4},"end":{"line":28,"column":6}},"2":{"start":{"line":32,"column":15},"end":{"line":49,"column":2}}},"fnMap":{"0":{"name":"(anonymous_0)","decl":{"start":{"line":21,"column":2},"end":{"line":21,"column":3}},"loc":{"start":{"line":21,"column":11},"end":{"line":29,"column":3}},"line":21}},"branchMap":{},"s":{"0":1,"1":3,"2":1},"f":{"0":3},"b":{},"_coverageSchema":"43e27e138ebf9cfc5966b082cf9a028302ed4184","hash":"ad22965cd1e0105fb54a0be65b2b30f0215160cd"}
}
